app/build/intermediates/manifest_merge_blame_file/debug/processDebugMainManifest/manifest-merger-blame-debug-report.txt
1<?xml version="1.0" encoding="utf-8"?>
2<manifest xmlns:android="http://schemas.android.com/apk/res/android"
3    package="com.example.shopping_basket"
4    android:versionCode="1"
5    android:versionName="1.0" >
6
7    <uses-sdk
8        android:minSdkVersion="24"
9        android:targetSdkVersion="36" />
10
11    <uses-permission android:name="android.permission.CAMERA" /> <!-- Don't require camera, as this requires a rear camera. This allows it to work on the Nexus 7 -->
11-->[com.journeyapps:zxing-android-embedded:4.3.0] AndroidManifest.xml:22:5-65
11-->[com.journeyapps:zxing-android-embedded:4.3.0] AndroidManifest.xml:22:22-62
12    <uses-feature
12-->[com.journeyapps:zxing-android-embedded:4.3.0] AndroidManifest.xml:25:5-27:36
13        android:name="android.hardware.camera"
13-->[com.journeyapps:zxing-android-embedded:4.3.0] AndroidManifest.xml:26:9-47
14        android:required="false" />
14-->[com.journeyapps:zxing-android-embedded:4.3.0] AndroidManifest.xml:27:9-33
15    <uses-feature
15-->[com.journeyapps:zxing-android-embedded:4.3.0] AndroidManifest.xml:28:5-30:36
16        android:name="android.hardware.camera.front"
16-->[com.journeyapps:zxing-android-embedded:4.3.0] AndroidManifest.xml:29:9-53
17        android:required="false" /> <!-- TODO replace above two with next line after Android 4.2 -->
17-->[com.journeyapps:zxing-android-embedded:4.3.0] AndroidManifest.xml:30:9-33
18    <!-- <uses-feature android:name="android.hardware.camera.any"/> -->
19    <uses-feature
19-->[com.journeyapps:zxing-android-embedded:4.3.0] AndroidManifest.xml:33:5-35:36
20        android:name="android.hardware.camera.autofocus"
20-->[com.journeyapps:zxing-android-embedded:4.3.0] AndroidManifest.xml:34:9-57
21        android:required="false" />
21-->[com.journeyapps:zxing-android-embedded:4.3.0] AndroidManifest.xml:35:9-33
22    <uses-feature
22-->[com.journeyapps:zxing-android-embedded:4.3.0] AndroidManifest.xml:36:5-38:36
23        android:name="android.hardware.camera.flash"
23-->[com.journeyapps:zxing-android-embedded:4.3.0] AndroidManifest.xml:37:9-53
24        android:required="false" />
24-->[com.journeyapps:zxing-android-embedded:4.3.0] AndroidManifest.xml:38:9-33
25    <uses-feature
25-->[com.journeyapps:zxing-android-embedded:4.3.0] AndroidManifest.xml:39:5-41:36
26        android:name="android.hardware.screen.landscape"
26-->[com.journeyapps:zxing-android-embedded:4.3.0] AndroidManifest.xml:40:9-57
27        android:required="false" />
27-->[com.journeyapps:zxing-android-embedded:4.3.0] AndroidManifest.xml:41:9-33
28    <uses-feature
28-->[com.journeyapps:zxing-android-embedded:4.3.0] AndroidManifest.xml:42:5-44:36
29        android:name="android.hardware.wifi"
29-->[com.journeyapps:zxing-android-embedded:4.3.0] AndroidManifest.xml:43:9-45
30        android:required="false" />
30-->[com.journeyapps:zxing-android-embedded:4.3.0] AndroidManifest.xml:44:9-33
31
32    <permission
32-->[androidx.core:core:1.13.1] AndroidManifest.xml:22:5-24:47
33        android:name="com.example.shopping_basket.DYNAMIC_RECEIVER_NOT_EXPORTED_PERMISSION"
33-->[androidx.core:core:1.13.1] AndroidManifest.xml:23:9-81
34        android:protectionLevel="signature" />
34-->[androidx.core:core:1.13.1] AndroidManifest.xml:24:9-44
35
36    <uses-permission android:name="com.example.shopping_basket.DYNAMIC_RECEIVER_NOT_EXPORTED_PERMISSION" />
36-->[androidx.core:core:1.13.1] AndroidManifest.xml:26:5-97
36-->[androidx.core:core:1.13.1] AndroidManifest.xml:26:22-94
37
38    <application
38-->src\main\AndroidManifest.xml:5:5-27:19
39        android:allowBackup="true"
39-->src\main\AndroidManifest.xml:6:9-35
40        android:appComponentFactory="androidx.core.app.CoreComponentFactory"
40-->[androidx.core:core:1.13.1] AndroidManifest.xml:28:18-86
41        android:dataExtractionRules="@xml/data_extraction_rules"
41-->src\main\AndroidManifest.xml:7:9-65
42        android:debuggable="true"
43        android:extractNativeLibs="false"
44        android:fullBackupContent="@xml/backup_rules"
44-->src\main\AndroidManifest.xml:8:9-54
45        android:icon="@mipmap/ic_launcher"
45-->src\main\AndroidManifest.xml:9:9-43
46        android:label="@string/app_name"
46-->src\main\AndroidManifest.xml:10:9-41
47        android:roundIcon="@mipmap/ic_launcher_round"
47-->src\main\AndroidManifest.xml:11:9-54
48        android:supportsRtl="true"
48-->src\main\AndroidManifest.xml:12:9-35
49        android:testOnly="true"
50        android:theme="@style/Theme.Shoppingbasket" >
50-->src\main\AndroidManifest.xml:13:9-52
51        <activity
51-->src\main\AndroidManifest.xml:14:9-23:20
52            android:name="com.example.shopping_basket.MainActivity"
52-->src\main\AndroidManifest.xml:15:13-41
53            android:exported="true"
53-->src\main\AndroidManifest.xml:16:13-36
54            android:theme="@style/Theme.Shoppingbasket" >
54-->src\main\AndroidManifest.xml:17:13-56
55            <intent-filter>
55-->src\main\AndroidManifest.xml:18:13-22:29
56                <action android:name="android.intent.action.MAIN" />
56-->src\main\AndroidManifest.xml:19:17-69
56-->src\main\AndroidManifest.xml:19:25-66
57
58                <category android:name="android.intent.category.LAUNCHER" />
58-->src\main\AndroidManifest.xml:21:17-77
58-->src\main\AndroidManifest.xml:21:27-74
59            </intent-filter>
60        </activity>
61
62        <meta-data
62-->src\main\AndroidManifest.xml:24:9-26:57
63            android:name="preloaded_fonts"
63-->src\main\AndroidManifest.xml:25:13-43
64            android:resource="@array/preloaded_fonts" />
64-->src\main\AndroidManifest.xml:26:13-54
65
66        <activity
66-->[com.journeyapps:zxing-android-embedded:4.3.0] AndroidManifest.xml:47:9-53:63
67            android:name="com.journeyapps.barcodescanner.CaptureActivity"
67-->[com.journeyapps:zxing-android-embedded:4.3.0] AndroidManifest.xml:48:13-74
68            android:clearTaskOnLaunch="true"
68-->[com.journeyapps:zxing-android-embedded:4.3.0] AndroidManifest.xml:49:13-45
69            android:screenOrientation="sensorLandscape"
69-->[com.journeyapps:zxing-android-embedded:4.3.0] AndroidManifest.xml:50:13-56
70            android:stateNotNeeded="true"
70-->[com.journeyapps:zxing-android-embedded:4.3.0] AndroidManifest.xml:51:13-42
71            android:theme="@style/zxing_CaptureTheme"
71-->[com.journeyapps:zxing-android-embedded:4.3.0] AndroidManifest.xml:52:13-54
72            android:windowSoftInputMode="stateAlwaysHidden" />
72-->[com.journeyapps:zxing-android-embedded:4.3.0] AndroidManifest.xml:53:13-60
73
74        <provider
74-->[androidx.emoji2:emoji2:1.3.0] AndroidManifest.xml:24:9-32:20
75            android:name="androidx.startup.InitializationProvider"
75-->[androidx.emoji2:emoji2:1.3.0] AndroidManifest.xml:25:13-67
76            android:authorities="com.example.shopping_basket.androidx-startup"
76-->[androidx.emoji2:emoji2:1.3.0] AndroidManifest.xml:26:13-68
77            android:exported="false" >
77-->[androidx.emoji2:emoji2:1.3.0] AndroidManifest.xml:27:13-37
78            <meta-data
78-->[androidx.emoji2:emoji2:1.3.0] AndroidManifest.xml:29:13-31:52
79                android:name="androidx.emoji2.text.EmojiCompatInitializer"
79-->[androidx.emoji2:emoji2:1.3.0] AndroidManifest.xml:30:17-75
80                android:value="androidx.startup" />
80-->[androidx.emoji2:emoji2:1.3.0] AndroidManifest.xml:31:17-49
81            <meta-data
81-->[androidx.lifecycle:lifecycle-process:2.9.0] AndroidManifest.xml:29:13-31:52
82                android:name="androidx.lifecycle.ProcessLifecycleInitializer"
82-->[androidx.lifecycle:lifecycle-process:2.9.0] AndroidManifest.xml:30:17-78
83                android:value="androidx.startup" />
83-->[androidx.lifecycle:lifecycle-process:2.9.0] AndroidManifest.xml:31:17-49
84            <meta-data
84-->[androidx.profileinstaller:profileinstaller:1.4.0] AndroidManifest.xml:29:13-31:52
85                android:name="androidx.profileinstaller.ProfileInstallerInitializer"
85-->[androidx.profileinstaller:profileinstaller:1.4.0] AndroidManifest.xml:30:17-85
86                android:value="androidx.startup" />
86-->[androidx.profileinstaller:profileinstaller:1.4.0] AndroidManifest.xml:31:17-49
87        </provider>
88
89        <uses-library
89-->[androidx.window:window:1.0.0] AndroidManifest.xml:25:9-27:40
90            android:name="androidx.window.extensions"
90-->[androidx.window:window:1.0.0] AndroidManifest.xml:26:13-54
91            android:required="false" />
91-->[androidx.window:window:1.0.0] AndroidManifest.xml:27:13-37
92        <uses-library
92-->[androidx.window:window:1.0.0] AndroidManifest.xml:28:9-30:40
93            android:name="androidx.window.sidecar"
93-->[androidx.window:window:1.0.0] AndroidManifest.xml:29:13-51
94            android:required="false" />
94-->[androidx.window:window:1.0.0] AndroidManifest.xml:30:13-37
95
96        <receiver
96-->[androidx.profileinstaller:profileinstaller:1.4.0] AndroidManifest.xml:34:9-52:20
97            android:name="androidx.profileinstaller.ProfileInstallReceiver"
97-->[androidx.profileinstaller:profileinstaller:1.4.0] AndroidManifest.xml:35:13-76
98            android:directBootAware="false"
98-->[androidx.profileinstaller:profileinstaller:1.4.0] AndroidManifest.xml:36:13-44
99            android:enabled="true"
99-->[androidx.profileinstaller:profileinstaller:1.4.0] AndroidManifest.xml:37:13-35
100            android:exported="true"
100-->[androidx.profileinstaller:profileinstaller:1.4.0] AndroidManifest.xml:38:13-36
101            android:permission="android.permission.DUMP" >
101-->[androidx.profileinstaller:profileinstaller:1.4.0] AndroidManifest.xml:39:13-57
102            <intent-filter>
102-->[androidx.profileinstaller:profileinstaller:1.4.0] AndroidManifest.xml:40:13-42:29
103                <action android:name="androidx.profileinstaller.action.INSTALL_PROFILE" />
103-->[androidx.profileinstaller:profileinstaller:1.4.0] AndroidManifest.xml:41:17-91
103-->[androidx.profileinstaller:profileinstaller:1.4.0] AndroidManifest.xml:41:25-88
104            </intent-filter>
105            <intent-filter>
105-->[androidx.profileinstaller:profileinstaller:1.4.0] AndroidManifest.xml:43:13-45:29
106                <action android:name="androidx.profileinstaller.action.SKIP_FILE" />
106-->[androidx.profileinstaller:profileinstaller:1.4.0] AndroidManifest.xml:44:17-85
106-->[androidx.profileinstaller:profileinstaller:1.4.0] AndroidManifest.xml:44:25-82
107            </intent-filter>
108            <intent-filter>
108-->[androidx.profileinstaller:profileinstaller:1.4.0] AndroidManifest.xml:46:13-48:29
109                <action android:name="androidx.profileinstaller.action.SAVE_PROFILE" />
109-->[androidx.profileinstaller:profileinstaller:1.4.0] AndroidManifest.xml:47:17-88
109-->[androidx.profileinstaller:profileinstaller:1.4.0] AndroidManifest.xml:47:25-85
110            </intent-filter>
111            <intent-filter>
111-->[androidx.profileinstaller:profileinstaller:1.4.0] AndroidManifest.xml:49:13-51:29
112                <action android:name="androidx.profileinstaller.action.BENCHMARK_OPERATION" />
112-->[androidx.profileinstaller:profileinstaller:1.4.0] AndroidManifest.xml:50:17-95
112-->[androidx.profileinstaller:profileinstaller:1.4.0] AndroidManifest.xml:50:25-92
113            </intent-filter>
114        </receiver>
115    </application>
116
117</manifest>